#
# There is insufficient memory for the Java Runtime Environment to continue.
# Native memory allocation (malloc) failed to allocate 1048576 bytes for AllocateHeap
# Possible reasons:
#   The system is out of physical RAM or swap space
#   The process is running with CompressedOops enabled, and the Java Heap may be blocking the growth of the native heap
# Possible solutions:
#   Reduce memory load on the system
#   Increase physical memory or swap space
#   Check if swap backing store is full
#   Decrease Java heap size (-Xmx/-Xms)
#   Decrease number of Java threads
#   Decrease Java thread stack sizes (-Xss)
#   Set larger code cache with -XX:ReservedCodeCacheSize=
#   JVM is running with Unscaled Compressed Oops mode in which the Java heap is
#     placed in the first 4GB address space. The Java Heap base address is the
#     maximum limit for the native heap growth. Please use -XX:HeapBaseMinAddress
#     to set the Java Heap base and to place the Java Heap above 4GB virtual address.
# This output file may be truncated or incomplete.
#
#  Out of Memory Error (allocation.cpp:44), pid=21116, tid=21200
#
# JRE version: OpenJDK Runtime Environment Temurin-17.0.9+9 (17.0.9+9) (build 17.0.9+9)
# Java VM: OpenJDK 64-Bit Server VM Temurin-17.0.9+9 (17.0.9+9, mixed mode, emulated-client, tiered, compressed oops, compressed class ptrs, g1 gc, windows-amd64)
# No core dump will be written. Minidumps are not enabled by default on client versions of Windows
#

---------------  S U M M A R Y ------------

Command Line: -XX:+HeapDumpOnOutOfMemoryError -Xmx1024m -Dsts.lsp.client=vscode -Dsts.log.file=/dev/null -XX:TieredStopAtLevel=1 -Xlog:jni+resolve=off -Dspring.config.location=file:c:\Users\thaih\.vscode\extensions\vmware.vscode-spring-boot-1.50.0\language-server\BOOT-INF\classes\application.properties org.springframework.ide.vscode.boot.app.BootLanguageServerBootApp

Host: 11th Gen Intel(R) Core(TM) i5-1135G7 @ 2.40GHz, 8 cores, 7G,  Windows 10 , 64 bit Build 19041 (10.0.19041.3636)
Time: Tue Dec  5 08:14:23 2023 SE Asia Standard Time elapsed time: 29983.553458 seconds (0d 8h 19m 43s)

---------------  T H R E A D  ---------------

Current thread (0x00000192249cd510):  VMThread "VM Thread" [stack: 0x0000002bd3000000,0x0000002bd3100000] [id=21200]

Stack: [0x0000002bd3000000,0x0000002bd3100000]
Native frames: (J=compiled Java code, j=interpreted, Vv=VM code, C=native code)
V  [jvm.dll+0x67cf49]
V  [jvm.dll+0x83478a]
V  [jvm.dll+0x83624e]
V  [jvm.dll+0x8368b3]
V  [jvm.dll+0x247f1f]
V  [jvm.dll+0xa6b4b]
V  [jvm.dll+0x2f8e73]
V  [jvm.dll+0x2f4af0]
V  [jvm.dll+0x2dd0d7]
V  [jvm.dll+0x320357]
V  [jvm.dll+0x83adab]
V  [jvm.dll+0x83baf1]
V  [jvm.dll+0x83c00d]
V  [jvm.dll+0x83c3e4]
V  [jvm.dll+0x83c4b0]
V  [jvm.dll+0x7e3c3a]
V  [jvm.dll+0x67be35]
C  [ucrtbase.dll+0x21bb2]
C  [KERNEL32.DLL+0x17344]
C  [ntdll.dll+0x526b1]

VM_Operation (0x0000002bd43fef90): G1CollectFull, mode: safepoint, requested by thread 0x0000019229741d10


---------------  P R O C E S S  ---------------

Threads class SMR info:
_java_thread_list=0x000001922b273a60, length=27, elements={
0x00000192249db8f0, 0x00000192249dd4c0, 0x0000019224a16530, 0x0000019224a170f0,
0x0000019224a17ab0, 0x0000019224a18470, 0x0000019224b3c4b0, 0x0000019224b68520,
0x0000019224d4a910, 0x0000019224d4b240, 0x000001922a317800, 0x0000019229741d10,
0x000001922a2b1880, 0x0000019219b95060, 0x000001922979c4b0, 0x000001922a46d480,
0x000001922a46f2d0, 0x000001922a470200, 0x000001922a46fcf0, 0x000001922a46e3a0,
0x000001922a471640, 0x000001922a46e8b0, 0x000001922a46edc0, 0x000001922a704580,
0x000001922a7054b0, 0x000001922a7059c0, 0x000001922a708750
}

Java Threads: ( => current thread )
  0x00000192249db8f0 JavaThread "Reference Handler" daemon [_thread_blocked, id=20616, stack(0x0000002bd3100000,0x0000002bd3200000)]
  0x00000192249dd4c0 JavaThread "Finalizer" daemon [_thread_blocked, id=3388, stack(0x0000002bd3200000,0x0000002bd3300000)]
  0x0000019224a16530 JavaThread "Signal Dispatcher" daemon [_thread_blocked, id=14888, stack(0x0000002bd3300000,0x0000002bd3400000)]
  0x0000019224a170f0 JavaThread "Attach Listener" daemon [_thread_blocked, id=20628, stack(0x0000002bd3400000,0x0000002bd3500000)]
  0x0000019224a17ab0 JavaThread "Service Thread" daemon [_thread_blocked, id=14140, stack(0x0000002bd3500000,0x0000002bd3600000)]
  0x0000019224a18470 JavaThread "Monitor Deflation Thread" daemon [_thread_blocked, id=1348, stack(0x0000002bd3600000,0x0000002bd3700000)]
  0x0000019224b3c4b0 JavaThread "C1 CompilerThread0" daemon [_thread_blocked, id=17292, stack(0x0000002bd3700000,0x0000002bd3800000)]
  0x0000019224b68520 JavaThread "Sweeper thread" daemon [_thread_blocked, id=20372, stack(0x0000002bd3800000,0x0000002bd3900000)]
  0x0000019224d4a910 JavaThread "Notification Thread" daemon [_thread_blocked, id=20608, stack(0x0000002bd3a00000,0x0000002bd3b00000)]
  0x0000019224d4b240 JavaThread "Common-Cleaner" daemon [_thread_blocked, id=15148, stack(0x0000002bd3c00000,0x0000002bd3d00000)]
  0x000001922a317800 JavaThread "boundedElastic-evictor-1" daemon [_thread_blocked, id=1092, stack(0x0000002bd3900000,0x0000002bd3a00000)]
  0x0000019229741d10 JavaThread "pool-11-thread-1" [_thread_blocked, id=8796, stack(0x0000002bd4300000,0x0000002bd4400000)]
  0x000001922a2b1880 JavaThread "LanguageServerApp-lifecycle" [_thread_blocked, id=10708, stack(0x0000002bd4400000,0x0000002bd4500000)]
  0x0000019219b95060 JavaThread "DestroyJavaVM" [_thread_blocked, id=20884, stack(0x0000002bd2a00000,0x0000002bd2b00000)]
  0x000001922979c4b0 JavaThread "pool-12-thread-1" [_thread_in_native, id=21268, stack(0x0000002bd4700000,0x0000002bd4800000)]
  0x000001922a46d480 JavaThread "Simple-Language-Server main thread" daemon [_thread_blocked, id=18972, stack(0x0000002bd4800000,0x0000002bd4900000)]
  0x000001922a46f2d0 JavaThread "pool-7-thread-1" [_thread_blocked, id=19916, stack(0x0000002bd4c00000,0x0000002bd4d00000)]
  0x000001922a470200 JavaThread "parallel-1" daemon [_thread_blocked, id=18228, stack(0x0000002bd4d00000,0x0000002bd4e00000)]
  0x000001922a46fcf0 JavaThread "pool-5-thread-1" [_thread_blocked, id=8720, stack(0x0000002bd4f00000,0x0000002bd5000000)]
  0x000001922a46e3a0 JavaThread "parallel-2" daemon [_thread_blocked, id=10400, stack(0x0000002bd5000000,0x0000002bd5100000)]
  0x000001922a471640 JavaThread "parallel-3" daemon [_thread_blocked, id=21436, stack(0x0000002bd5100000,0x0000002bd5200000)]
  0x000001922a46e8b0 JavaThread "parallel-4" daemon [_thread_blocked, id=19744, stack(0x0000002bd5700000,0x0000002bd5800000)]
  0x000001922a46edc0 JavaThread "parallel-5" daemon [_thread_blocked, id=9276, stack(0x0000002bd5800000,0x0000002bd5900000)]
  0x000001922a704580 JavaThread "Reconciler-1" daemon [_thread_blocked, id=16464, stack(0x0000002bd5900000,0x0000002bd5a00000)]
  0x000001922a7054b0 JavaThread "parallel-6" daemon [_thread_blocked, id=20748, stack(0x0000002bd6000000,0x0000002bd6100000)]
  0x000001922a7059c0 JavaThread "parallel-7" daemon [_thread_blocked, id=19740, stack(0x0000002bd6100000,0x0000002bd6200000)]
  0x000001922a708750 JavaThread "parallel-8" daemon [_thread_blocked, id=20912, stack(0x0000002bd6900000,0x0000002bd6a00000)]

Other Threads:
=>0x00000192249cd510 VMThread "VM Thread" [stack: 0x0000002bd3000000,0x0000002bd3100000] [id=21200]
  0x0000019224d4adf0 WatcherThread [stack: 0x0000002bd3b00000,0x0000002bd3c00000] [id=16008]
  0x0000019219bd2520 GCTaskThread "GC Thread#0" [stack: 0x0000002bd2b00000,0x0000002bd2c00000] [id=10696]
  0x0000019224d00530 GCTaskThread "GC Thread#1" [stack: 0x0000002bd3d00000,0x0000002bd3e00000] [id=1072]
  0x00000192297fe870 GCTaskThread "GC Thread#2" [stack: 0x0000002bd3e00000,0x0000002bd3f00000] [id=20788]
  0x0000019229a1db50 GCTaskThread "GC Thread#3" [stack: 0x0000002bd3f00000,0x0000002bd4000000] [id=13652]
  0x0000019229aa4cc0 GCTaskThread "GC Thread#4" [stack: 0x0000002bd4000000,0x0000002bd4100000] [id=21424]
  0x000001922956e110 GCTaskThread "GC Thread#5" [stack: 0x0000002bd4100000,0x0000002bd4200000] [id=7516]
  0x000001922956e3d0 GCTaskThread "GC Thread#6" [stack: 0x0000002bd4200000,0x0000002bd4300000] [id=16392]
  0x0000019229de1070 GCTaskThread "GC Thread#7" [stack: 0x0000002bd4500000,0x0000002bd4600000] [id=21264]
  0x0000019219bdb470 ConcurrentGCThread "G1 Main Marker" [stack: 0x0000002bd2c00000,0x0000002bd2d00000] [id=4508]
  0x0000019219bdbe90 ConcurrentGCThread "G1 Conc#0" [stack: 0x0000002bd2d00000,0x0000002bd2e00000] [id=20696]
  0x0000019229dc5040 ConcurrentGCThread "G1 Conc#1" [stack: 0x0000002bd4600000,0x0000002bd4700000] [id=20572]
  0x0000019219c48870 ConcurrentGCThread "G1 Refine#0" [stack: 0x0000002bd2e00000,0x0000002bd2f00000] [id=5580]
  0x000001922a490be0 ConcurrentGCThread "G1 Refine#1" [stack: 0x0000002bd4e00000,0x0000002bd4f00000] [id=16492]
  0x000001922ad75e00 ConcurrentGCThread "G1 Refine#2" [stack: 0x0000002bd5c00000,0x0000002bd5d00000] [id=2616]
  0x000001922adb73a0 ConcurrentGCThread "G1 Refine#3" [stack: 0x0000002bd5d00000,0x0000002bd5e00000] [id=20364]
  0x00000192248403f0 ConcurrentGCThread "G1 Service" [stack: 0x0000002bd2f00000,0x0000002bd3000000] [id=19364]

Threads with active compile tasks:

VM state: at safepoint (normal execution)

VM Mutex/Monitor currently owned by a thread:  ([mutex/lock_event])
[0x0000019217a7b2d0] Threads_lock - owner thread: 0x00000192249cd510
[0x0000019219b91e20] Heap_lock - owner thread: 0x0000019229741d10

Heap address: 0x00000000c0000000, size: 1024 MB, Compressed Oops mode: 32-bit

CDS archive(s) not mapped
Compressed class space mapped at: 0x0000000100000000-0x0000000140000000, reserved size: 1073741824
Narrow klass base: 0x0000000000000000, Narrow klass shift: 3, Narrow klass range: 0x140000000

GC Precious Log:
 CPUs: 8 total, 8 available
 Memory: 7975M
 Large Page Support: Disabled
 NUMA Support: Disabled
 Compressed Oops: Enabled (32-bit)
 Heap Region Size: 1M
 Heap Min Capacity: 8M
 Heap Initial Capacity: 126M
 Heap Max Capacity: 1G
 Pre-touch: Disabled
 Parallel Workers: 8
 Concurrent Workers: 2
 Concurrent Refinement Workers: 8
 Periodic GC: Disabled

Heap:
 garbage-first heap   total 91136K, used 43345K [0x00000000c0000000, 0x0000000100000000)
  region size 1024K, 1 young (1024K), 0 survivors (0K)
 Metaspace       used 58507K, committed 58944K, reserved 1114112K
  class space    used 7275K, committed 7488K, reserved 1048576K

Heap Regions: E=young(eden), S=young(survivor), O=old, HS=humongous(starts), HC=humongous(continues), CS=collection set, F=free, OA=open archive, CA=closed archive, TAMS=top-at-mark-start (previous, next)
|   0|0x00000000c0000000, 0x00000000c0100000, 0x00000000c0100000|100%| O|  |TAMS 0x00000000c0100000, 0x00000000c0000000| Untracked 
|   1|0x00000000c0100000, 0x00000000c0200000, 0x00000000c0200000|100%| O|  |TAMS 0x00000000c0200000, 0x00000000c0100000| Untracked 
|   2|0x00000000c0200000, 0x00000000c02fde88, 0x00000000c0300000| 99%| O|  |TAMS 0x00000000c02fde88, 0x00000000c0200000| Untracked 
|   3|0x00000000c0300000, 0x00000000c0400000, 0x00000000c0400000|100%| O|  |TAMS 0x00000000c0400000, 0x00000000c0300000| Untracked 
|   4|0x00000000c0400000, 0x00000000c0500000, 0x00000000c0500000|100%| O|  |TAMS 0x00000000c0500000, 0x00000000c0400000| Untracked 
|   5|0x00000000c0500000, 0x00000000c05fffe8, 0x00000000c0600000| 99%| O|  |TAMS 0x00000000c05fffe8, 0x00000000c0500000| Untracked 
|   6|0x00000000c0600000, 0x00000000c0700000, 0x00000000c0700000|100%| O|  |TAMS 0x00000000c0700000, 0x00000000c0600000| Untracked 
|   7|0x00000000c0700000, 0x00000000c0800000, 0x00000000c0800000|100%| O|  |TAMS 0x00000000c0800000, 0x00000000c0700000| Untracked 
|   8|0x00000000c0800000, 0x00000000c08fffe0, 0x00000000c0900000| 99%| O|  |TAMS 0x00000000c08fffe0, 0x00000000c0800000| Untracked 
|   9|0x00000000c0900000, 0x00000000c09ffce0, 0x00000000c0a00000| 99%| O|  |TAMS 0x00000000c09ffce0, 0x00000000c0900000| Untracked 
|  10|0x00000000c0a00000, 0x00000000c0afffb0, 0x00000000c0b00000| 99%| O|  |TAMS 0x00000000c0afffb0, 0x00000000c0a00000| Untracked 
|  11|0x00000000c0b00000, 0x00000000c0bfffe0, 0x00000000c0c00000| 99%| O|  |TAMS 0x00000000c0bfffe0, 0x00000000c0b00000| Untracked 
|  12|0x00000000c0c00000, 0x00000000c0cfffd8, 0x00000000c0d00000| 99%| O|  |TAMS 0x00000000c0cfffd8, 0x00000000c0c00000| Untracked 
|  13|0x00000000c0d00000, 0x00000000c0dffff8, 0x00000000c0e00000| 99%| O|  |TAMS 0x00000000c0dffff8, 0x00000000c0d00000| Untracked 
|  14|0x00000000c0e00000, 0x00000000c0efffc0, 0x00000000c0f00000| 99%| O|  |TAMS 0x00000000c0efffc0, 0x00000000c0e00000| Untracked 
|  15|0x00000000c0f00000, 0x00000000c1000000, 0x00000000c1000000|100%| O|  |TAMS 0x00000000c1000000, 0x00000000c0f00000| Untracked 
|  16|0x00000000c1000000, 0x00000000c1100000, 0x00000000c1100000|100%| O|  |TAMS 0x00000000c1100000, 0x00000000c1000000| Untracked 
|  17|0x00000000c1100000, 0x00000000c11f7390, 0x00000000c1200000| 96%| O|  |TAMS 0x00000000c11f7390, 0x00000000c1100000| Untracked 
|  18|0x00000000c1200000, 0x00000000c1300000, 0x00000000c1300000|100%| O|  |TAMS 0x00000000c1300000, 0x00000000c1200000| Untracked 
|  19|0x00000000c1300000, 0x00000000c13fffe8, 0x00000000c1400000| 99%| O|  |TAMS 0x00000000c13fffe8, 0x00000000c1300000| Untracked 
|  20|0x00000000c1400000, 0x00000000c14fc3d0, 0x00000000c1500000| 98%| O|  |TAMS 0x00000000c14fc3d0, 0x00000000c1400000| Untracked 
|  21|0x00000000c1500000, 0x00000000c1600000, 0x00000000c1600000|100%| O|  |TAMS 0x00000000c1600000, 0x00000000c1500000| Untracked 
|  22|0x00000000c1600000, 0x00000000c16fffe0, 0x00000000c1700000| 99%| O|  |TAMS 0x00000000c16fffe0, 0x00000000c1600000| Untracked 
|  23|0x00000000c1700000, 0x00000000c17fffb8, 0x00000000c1800000| 99%| O|  |TAMS 0x00000000c17fffb8, 0x00000000c1700000| Untracked 
|  24|0x00000000c1800000, 0x00000000c1900000, 0x00000000c1900000|100%|HS|  |TAMS 0x00000000c1900000, 0x00000000c1800000| Untracked 
|  25|0x00000000c1900000, 0x00000000c19f3760, 0x00000000c1a00000| 95%| O|  |TAMS 0x00000000c19f3760, 0x00000000c1900000| Untracked 
|  26|0x00000000c1a00000, 0x00000000c1afa750, 0x00000000c1b00000| 97%| O|  |TAMS 0x00000000c1afa750, 0x00000000c1a00000| Untracked 
|  27|0x00000000c1b00000, 0x00000000c1bfffb8, 0x00000000c1c00000| 99%| O|  |TAMS 0x00000000c1bfffb8, 0x00000000c1b00000| Untracked 
|  28|0x00000000c1c00000, 0x00000000c1cfffe0, 0x00000000c1d00000| 99%| O|  |TAMS 0x00000000c1cfffe0, 0x00000000c1c00000| Untracked 
|  29|0x00000000c1d00000, 0x00000000c1dffff8, 0x00000000c1e00000| 99%| O|  |TAMS 0x00000000c1dffff8, 0x00000000c1d00000| Untracked 
|  30|0x00000000c1e00000, 0x00000000c1effff8, 0x00000000c1f00000| 99%| O|  |TAMS 0x00000000c1effff8, 0x00000000c1e00000| Untracked 
|  31|0x00000000c1f00000, 0x00000000c1ffffe8, 0x00000000c2000000| 99%| O|  |TAMS 0x00000000c1ffffe8, 0x00000000c1f00000| Untracked 
|  32|0x00000000c2000000, 0x00000000c20ffff0, 0x00000000c2100000| 99%| O|  |TAMS 0x00000000c20ffff0, 0x00000000c2000000| Untracked 
|  33|0x00000000c2100000, 0x00000000c21fa870, 0x00000000c2200000| 97%| O|  |TAMS 0x00000000c21fa870, 0x00000000c2100000| Untracked 
|  34|0x00000000c2200000, 0x00000000c2300000, 0x00000000c2300000|100%| O|  |TAMS 0x00000000c2300000, 0x00000000c2200000| Untracked 
|  35|0x00000000c2300000, 0x00000000c23ffdb8, 0x00000000c2400000| 99%| O|  |TAMS 0x00000000c23ffdb8, 0x00000000c2300000| Untracked 
|  36|0x00000000c2400000, 0x00000000c2500000, 0x00000000c2500000|100%| O|  |TAMS 0x00000000c2500000, 0x00000000c2400000| Untracked 
|  37|0x00000000c2500000, 0x00000000c25fffe0, 0x00000000c2600000| 99%| O|  |TAMS 0x00000000c25fffe0, 0x00000000c2500000| Untracked 
|  38|0x00000000c2600000, 0x00000000c26ffff0, 0x00000000c2700000| 99%| O|  |TAMS 0x00000000c26ffff0, 0x00000000c2600000| Untracked 
|  39|0x00000000c2700000, 0x00000000c277b220, 0x00000000c2800000| 48%| O|  |TAMS 0x00000000c2700000, 0x00000000c2700000| Untracked 
|  40|0x00000000c2800000, 0x00000000c2900000, 0x00000000c2900000|100%| O|  |TAMS 0x00000000c2900000, 0x00000000c2800000| Untracked 
|  41|0x00000000c2900000, 0x00000000c2900068, 0x00000000c2a00000|  0%| O|  |TAMS 0x00000000c2900000, 0x00000000c2900000| Untracked 
|  42|0x00000000c2a00000, 0x00000000c2a00000, 0x00000000c2b00000|  0%| F|  |TAMS 0x00000000c2a00000, 0x00000000c2a00000| Untracked 
|  43|0x00000000c2b00000, 0x00000000c2b00000, 0x00000000c2c00000|  0%| F|  |TAMS 0x00000000c2b00000, 0x00000000c2b00000| Untracked 
|  44|0x00000000c2c00000, 0x00000000c2c00000, 0x00000000c2d00000|  0%| F|  |TAMS 0x00000000c2c00000, 0x00000000c2c00000| Untracked 
|  45|0x00000000c2d00000, 0x00000000c2d00000, 0x00000000c2e00000|  0%| F|  |TAMS 0x00000000c2d00000, 0x00000000c2d00000| Untracked 
|  46|0x00000000c2e00000, 0x00000000c2e00000, 0x00000000c2f00000|  0%| F|  |TAMS 0x00000000c2e00000, 0x00000000c2e00000| Untracked 
|  47|0x00000000c2f00000, 0x00000000c2f00000, 0x00000000c3000000|  0%| F|  |TAMS 0x00000000c2f00000, 0x00000000c2f00000| Untracked 
|  48|0x00000000c3000000, 0x00000000c3000000, 0x00000000c3100000|  0%| F|  |TAMS 0x00000000c3000000, 0x00000000c3000000| Untracked 
|  49|0x00000000c3100000, 0x00000000c3100000, 0x00000000c3200000|  0%| F|  |TAMS 0x00000000c3100000, 0x00000000c3100000| Untracked 
|  50|0x00000000c3200000, 0x00000000c3300000, 0x00000000c3300000|100%| O|  |TAMS 0x00000000c3300000, 0x00000000c3200000| Untracked 
|  51|0x00000000c3300000, 0x00000000c3300000, 0x00000000c3400000|  0%| F|  |TAMS 0x00000000c3300000, 0x00000000c3300000| Untracked 
|  52|0x00000000c3400000, 0x00000000c3400000, 0x00000000c3500000|  0%| F|  |TAMS 0x00000000c3400000, 0x00000000c3400000| Untracked 
|  53|0x00000000c3500000, 0x00000000c3500000, 0x00000000c3600000|  0%| F|  |TAMS 0x00000000c3500000, 0x00000000c3500000| Untracked 
|  54|0x00000000c3600000, 0x00000000c3600000, 0x00000000c3700000|  0%| F|  |TAMS 0x00000000c3600000, 0x00000000c3600000| Untracked 
|  55|0x00000000c3700000, 0x00000000c3700000, 0x00000000c3800000|  0%| F|  |TAMS 0x00000000c3700000, 0x00000000c3700000| Untracked 
|  56|0x00000000c3800000, 0x00000000c3900000, 0x00000000c3900000|100%| O|  |TAMS 0x00000000c3900000, 0x00000000c3800000| Untracked 
|  57|0x00000000c3900000, 0x00000000c3900000, 0x00000000c3a00000|  0%| F|  |TAMS 0x00000000c3900000, 0x00000000c3900000| Untracked 
|  58|0x00000000c3a00000, 0x00000000c3a00000, 0x00000000c3b00000|  0%| F|  |TAMS 0x00000000c3a00000, 0x00000000c3a00000| Untracked 
|  59|0x00000000c3b00000, 0x00000000c3b00000, 0x00000000c3c00000|  0%| F|  |TAMS 0x00000000c3b00000, 0x00000000c3b00000| Untracked 
|  60|0x00000000c3c00000, 0x00000000c3c00000, 0x00000000c3d00000|  0%| F|  |TAMS 0x00000000c3c00000, 0x00000000c3c00000| Untracked 
|  61|0x00000000c3d00000, 0x00000000c3d00000, 0x00000000c3e00000|  0%| F|  |TAMS 0x00000000c3d00000, 0x00000000c3d00000| Untracked 
|  62|0x00000000c3e00000, 0x00000000c3e00000, 0x00000000c3f00000|  0%| F|  |TAMS 0x00000000c3e00000, 0x00000000c3e00000| Untracked 
|  63|0x00000000c3f00000, 0x00000000c3f00000, 0x00000000c4000000|  0%| F|  |TAMS 0x00000000c3f00000, 0x00000000c3f00000| Untracked 
|  64|0x00000000c4000000, 0x00000000c4000000, 0x00000000c4100000|  0%| F|  |TAMS 0x00000000c4000000, 0x00000000c4000000| Untracked 
|  65|0x00000000c4100000, 0x00000000c4100000, 0x00000000c4200000|  0%| F|  |TAMS 0x00000000c4100000, 0x00000000c4100000| Untracked 
|  66|0x00000000c4200000, 0x00000000c4200000, 0x00000000c4300000|  0%| F|  |TAMS 0x00000000c4200000, 0x00000000c4200000| Untracked 
|  67|0x00000000c4300000, 0x00000000c4300000, 0x00000000c4400000|  0%| F|  |TAMS 0x00000000c4300000, 0x00000000c4300000| Untracked 
|  68|0x00000000c4400000, 0x00000000c4400000, 0x00000000c4500000|  0%| F|  |TAMS 0x00000000c4400000, 0x00000000c4400000| Untracked 
|  69|0x00000000c4500000, 0x00000000c4500000, 0x00000000c4600000|  0%| F|  |TAMS 0x00000000c4500000, 0x00000000c4500000| Untracked 
|  70|0x00000000c4600000, 0x00000000c4600000, 0x00000000c4700000|  0%| F|  |TAMS 0x00000000c4600000, 0x00000000c4600000| Untracked 
|  71|0x00000000c4700000, 0x00000000c4700000, 0x00000000c4800000|  0%| F|  |TAMS 0x00000000c4700000, 0x00000000c4700000| Untracked 
|  72|0x00000000c4800000, 0x00000000c4800000, 0x00000000c4900000|  0%| F|  |TAMS 0x00000000c4800000, 0x00000000c4800000| Untracked 
|  73|0x00000000c4900000, 0x00000000c4900000, 0x00000000c4a00000|  0%| F|  |TAMS 0x00000000c4900000, 0x00000000c4900000| Untracked 
|  74|0x00000000c4a00000, 0x00000000c4a00000, 0x00000000c4b00000|  0%| F|  |TAMS 0x00000000c4a00000, 0x00000000c4a00000| Untracked 
|  75|0x00000000c4b00000, 0x00000000c4b00000, 0x00000000c4c00000|  0%| F|  |TAMS 0x00000000c4b00000, 0x00000000c4b00000| Untracked 
|  76|0x00000000c4c00000, 0x00000000c4c00000, 0x00000000c4d00000|  0%| F|  |TAMS 0x00000000c4c00000, 0x00000000c4c00000| Untracked 
|  77|0x00000000c4d00000, 0x00000000c4d00000, 0x00000000c4e00000|  0%| F|  |TAMS 0x00000000c4d00000, 0x00000000c4d00000| Untracked 
|  78|0x00000000c4e00000, 0x00000000c4e00000, 0x00000000c4f00000|  0%| F|  |TAMS 0x00000000c4e00000, 0x00000000c4e00000| Untracked 
|  79|0x00000000c4f00000, 0x00000000c4f00000, 0x00000000c5000000|  0%| F|  |TAMS 0x00000000c4f00000, 0x00000000c4f00000| Untracked 
|  80|0x00000000c5000000, 0x00000000c5000000, 0x00000000c5100000|  0%| F|  |TAMS 0x00000000c5000000, 0x00000000c5000000| Untracked 
|  81|0x00000000c5100000, 0x00000000c5100000, 0x00000000c5200000|  0%| F|  |TAMS 0x00000000c5100000, 0x00000000c5100000| Untracked 
|  82|0x00000000c5200000, 0x00000000c5200000, 0x00000000c5300000|  0%| F|  |TAMS 0x00000000c5200000, 0x00000000c5200000| Untracked 
|  83|0x00000000c5300000, 0x00000000c5300000, 0x00000000c5400000|  0%| F|  |TAMS 0x00000000c5300000, 0x00000000c5300000| Untracked 
|  84|0x00000000c5400000, 0x00000000c5400000, 0x00000000c5500000|  0%| F|  |TAMS 0x00000000c5400000, 0x00000000c5400000| Untracked 
|  85|0x00000000c5500000, 0x00000000c5500000, 0x00000000c5600000|  0%| F|  |TAMS 0x00000000c5500000, 0x00000000c5500000| Untracked 
|  86|0x00000000c5600000, 0x00000000c5600000, 0x00000000c5700000|  0%| F|  |TAMS 0x00000000c5600000, 0x00000000c5600000| Untracked 
|  87|0x00000000c5700000, 0x00000000c5700000, 0x00000000c5800000|  0%| F|  |TAMS 0x00000000c5700000, 0x00000000c5700000| Untracked 
|  88|0x00000000c5800000, 0x00000000c58058a8, 0x00000000c5900000|  2%| E|  |TAMS 0x00000000c5800000, 0x00000000c5800000| Complete 

Card table byte_map: [0x000001921fb50000,0x000001921fd50000] _byte_map_base: 0x000001921f550000

Marking Bits (Prev, Next): (CMBitMap*) 0x0000019219bd2b80, (CMBitMap*) 0x0000019219bd2b40
 Prev Bits: [0x0000019220f50000, 0x0000019221f50000)
 Next Bits: [0x000001921ff50000, 0x0000019220f50000)

Polling page: 0x0000019219350000

Metaspace:

Usage:
  Non-class:     50.03 MB used.
      Class:      7.11 MB used.
       Both:     57.14 MB used.

Virtual space:
  Non-class space:       64.00 MB reserved,      50.25 MB ( 79%) committed,  1 nodes.
      Class space:        1.00 GB reserved,       7.31 MB ( <1%) committed,  1 nodes.
             Both:        1.06 GB reserved,      57.56 MB (  5%) committed. 

Chunk freelists:
   Non-Class:  13.66 MB
       Class:  8.67 MB
        Both:  22.33 MB

MaxMetaspaceSize: unlimited
CompressedClassSpaceSize: 1.00 GB
Initial GC threshold: 21.00 MB
Current GC threshold: 95.88 MB
CDS: off
MetaspaceReclaimPolicy: balanced
 - commit_granule_bytes: 65536.
 - commit_granule_words: 8192.
 - virtual_space_node_default_size: 8388608.
 - enlarge_chunks_in_place: 1.
 - new_chunks_are_fully_committed: 0.
 - uncommit_free_chunks: 1.
 - use_allocation_guard: 0.
 - handle_deallocations: 1.


Internal statistics:

num_allocs_failed_limit: 8.
num_arena_births: 782.
num_arena_deaths: 298.
num_vsnodes_births: 2.
num_vsnodes_deaths: 0.
num_space_committed: 921.
num_space_uncommitted: 0.
num_chunks_returned_to_freelist: 357.
num_chunks_taken_from_freelist: 2776.
num_chunk_merges: 117.
num_chunk_splits: 1813.
num_chunks_enlarged: 1344.
num_inconsistent_stats: 0.

CodeCache: size=49152Kb used=16542Kb max_used=17105Kb free=32610Kb
 bounds [0x000001921c830000, 0x000001921d920000, 0x000001921f830000]
 total_blobs=9211 nmethods=8533 adapters=599
 compilation: enabled
              stopped_count=0, restarted_count=0
 full_count=0

Compilation events (20 events):
Event: 15706.185 Thread 0x0000019224b3c4b0 8703       1       org.eclipse.jdt.internal.compiler.ast.AllocationExpression::inferConstructorOfElidedParameterizedType (157 bytes)
Event: 15706.215 Thread 0x0000019224b3c4b0 nmethod 8703 0x000001921d846e90 code [0x000001921d847080, 0x000001921d8474b8]
Event: 15706.215 Thread 0x0000019224b3c4b0 8710   !   1       org.eclipse.jdt.internal.compiler.lookup.ParameterizedGenericMethodBinding::computeCompatibleMethod18 (915 bytes)
Event: 15706.253 Thread 0x0000019224b3c4b0 nmethod 8710 0x000001921d842e90 code [0x000001921d843320, 0x000001921d845238]
Event: 15706.254 Thread 0x000001922b7ce710 8711       1       org.eclipse.jdt.internal.compiler.flow.UnconditionalFlowInfo::addPotentialInitializationsFrom (223 bytes)
Event: 15706.254 Thread 0x0000019224b3c4b0 8712       1       org.eclipse.jdt.internal.compiler.codegen.BranchLabel::addForwardReference (248 bytes)
Event: 15706.261 Thread 0x000001922b7ce710 nmethod 8711 0x000001921d842090 code [0x000001921d8422c0, 0x000001921d8428c8]
Event: 15706.261 Thread 0x000001922b7ce710 8713       1       org.eclipse.jdt.internal.compiler.codegen.BranchLabel::branch (82 bytes)
Event: 15706.262 Thread 0x000001922b7ce710 nmethod 8713 0x000001921d841b90 code [0x000001921d841d60, 0x000001921d841f48]
Event: 15706.262 Thread 0x000001922b7ce710 8704       1       org.eclipse.jdt.internal.compiler.lookup.Scope$3::substitute (47 bytes)
Event: 15706.264 Thread 0x0000019224b3c4b0 nmethod 8712 0x000001921d840d90 code [0x000001921d840fc0, 0x000001921d8417d8]
Event: 15706.264 Thread 0x0000019224b3c4b0 8714       1       org.eclipse.jdt.internal.compiler.ast.Annotation::isRuntimeVisible (66 bytes)
Event: 15706.264 Thread 0x0000019224b3c4b0 nmethod 8714 0x000001921d840910 code [0x000001921d840ac0, 0x000001921d840ce8]
Event: 15706.264 Thread 0x0000019224b3c4b0 8707       1       org.eclipse.jdt.internal.compiler.lookup.SyntheticFactoryMethodBinding::<init> (37 bytes)
Event: 15706.265 Thread 0x000001922b7ce710 nmethod 8704 0x000001921d840210 code [0x000001921d8403e0, 0x000001921d8406a8]
Event: 15706.265 Thread 0x000001922b7ce710 8708       1       org.eclipse.jdt.internal.compiler.lookup.Scope$3::<init> (20 bytes)
Event: 15706.265 Thread 0x000001922b7ce710 nmethod 8708 0x000001921d83fe10 code [0x000001921d83ffa0, 0x000001921d840178]
Event: 15706.266 Thread 0x0000019224b3c4b0 nmethod 8707 0x000001921d83f910 code [0x000001921d83fac0, 0x000001921d83fd28]
Event: 15706.293 Thread 0x0000019224b3c4b0 8715       1       org.eclipse.jdt.internal.compiler.lookup.ParameterizedTypeBinding::debugName (134 bytes)
Event: 15706.311 Thread 0x0000019224b3c4b0 nmethod 8715 0x000001921d83ec90 code [0x000001921d83ef00, 0x000001921d83f518]

GC Heap History (20 events):
Event: 29881.696 GC heap before
{Heap before GC invocations=1949 (full 1889):
 garbage-first heap   total 91136K, used 43345K [0x00000000c0000000, 0x0000000100000000)
  region size 1024K, 1 young (1024K), 0 survivors (0K)
 Metaspace       used 58507K, committed 58944K, reserved 1114112K
  class space    used 7275K, committed 7488K, reserved 1048576K
}
Event: 29881.727 GC heap after
{Heap after GC invocations=1950 (full 1890):
 garbage-first heap   total 91136K, used 43345K [0x00000000c0000000, 0x0000000100000000)
  region size 1024K, 0 young (0K), 0 survivors (0K)
 Metaspace       used 58507K, committed 58944K, reserved 1114112K
  class space    used 7275K, committed 7488K, reserved 1048576K
}
Event: 29891.838 GC heap before
{Heap before GC invocations=1950 (full 1890):
 garbage-first heap   total 91136K, used 43345K [0x00000000c0000000, 0x0000000100000000)
  region size 1024K, 1 young (1024K), 0 survivors (0K)
 Metaspace       used 58507K, committed 58944K, reserved 1114112K
  class space    used 7275K, committed 7488K, reserved 1048576K
}
Event: 29891.873 GC heap after
{Heap after GC invocations=1951 (full 1891):
 garbage-first heap   total 91136K, used 43345K [0x00000000c0000000, 0x0000000100000000)
  region size 1024K, 0 young (0K), 0 survivors (0K)
 Metaspace       used 58507K, committed 58944K, reserved 1114112K
  class space    used 7275K, committed 7488K, reserved 1048576K
}
Event: 29901.979 GC heap before
{Heap before GC invocations=1951 (full 1891):
 garbage-first heap   total 91136K, used 43345K [0x00000000c0000000, 0x0000000100000000)
  region size 1024K, 1 young (1024K), 0 survivors (0K)
 Metaspace       used 58507K, committed 58944K, reserved 1114112K
  class space    used 7275K, committed 7488K, reserved 1048576K
}
Event: 29902.012 GC heap after
{Heap after GC invocations=1952 (full 1892):
 garbage-first heap   total 91136K, used 43345K [0x00000000c0000000, 0x0000000100000000)
  region size 1024K, 0 young (0K), 0 survivors (0K)
 Metaspace       used 58507K, committed 58944K, reserved 1114112K
  class space    used 7275K, committed 7488K, reserved 1048576K
}
Event: 29912.118 GC heap before
{Heap before GC invocations=1952 (full 1892):
 garbage-first heap   total 91136K, used 43345K [0x00000000c0000000, 0x0000000100000000)
  region size 1024K, 1 young (1024K), 0 survivors (0K)
 Metaspace       used 58507K, committed 58944K, reserved 1114112K
  class space    used 7275K, committed 7488K, reserved 1048576K
}
Event: 29912.150 GC heap after
{Heap after GC invocations=1953 (full 1893):
 garbage-first heap   total 91136K, used 43345K [0x00000000c0000000, 0x0000000100000000)
  region size 1024K, 0 young (0K), 0 survivors (0K)
 Metaspace       used 58507K, committed 58944K, reserved 1114112K
  class space    used 7275K, committed 7488K, reserved 1048576K
}
Event: 29922.270 GC heap before
{Heap before GC invocations=1953 (full 1893):
 garbage-first heap   total 91136K, used 43345K [0x00000000c0000000, 0x0000000100000000)
  region size 1024K, 1 young (1024K), 0 survivors (0K)
 Metaspace       used 58507K, committed 58944K, reserved 1114112K
  class space    used 7275K, committed 7488K, reserved 1048576K
}
Event: 29922.303 GC heap after
{Heap after GC invocations=1954 (full 1894):
 garbage-first heap   total 91136K, used 43345K [0x00000000c0000000, 0x0000000100000000)
  region size 1024K, 0 young (0K), 0 survivors (0K)
 Metaspace       used 58507K, committed 58944K, reserved 1114112K
  class space    used 7275K, committed 7488K, reserved 1048576K
}
Event: 29932.695 GC heap before
{Heap before GC invocations=1954 (full 1894):
 garbage-first heap   total 91136K, used 43345K [0x00000000c0000000, 0x0000000100000000)
  region size 1024K, 1 young (1024K), 0 survivors (0K)
 Metaspace       used 58507K, committed 58944K, reserved 1114112K
  class space    used 7275K, committed 7488K, reserved 1048576K
}
Event: 29932.750 GC heap after
{Heap after GC invocations=1955 (full 1895):
 garbage-first heap   total 91136K, used 43345K [0x00000000c0000000, 0x0000000100000000)
  region size 1024K, 0 young (0K), 0 survivors (0K)
 Metaspace       used 58507K, committed 58944K, reserved 1114112K
  class space    used 7275K, committed 7488K, reserved 1048576K
}
Event: 29942.963 GC heap before
{Heap before GC invocations=1955 (full 1895):
 garbage-first heap   total 91136K, used 43345K [0x00000000c0000000, 0x0000000100000000)
  region size 1024K, 1 young (1024K), 0 survivors (0K)
 Metaspace       used 58507K, committed 58944K, reserved 1114112K
  class space    used 7275K, committed 7488K, reserved 1048576K
}
Event: 29943.009 GC heap after
{Heap after GC invocations=1956 (full 1896):
 garbage-first heap   total 91136K, used 43345K [0x00000000c0000000, 0x0000000100000000)
  region size 1024K, 0 young (0K), 0 survivors (0K)
 Metaspace       used 58507K, committed 58944K, reserved 1114112K
  class space    used 7275K, committed 7488K, reserved 1048576K
}
Event: 29953.134 GC heap before
{Heap before GC invocations=1956 (full 1896):
 garbage-first heap   total 91136K, used 43345K [0x00000000c0000000, 0x0000000100000000)
  region size 1024K, 1 young (1024K), 0 survivors (0K)
 Metaspace       used 58507K, committed 58944K, reserved 1114112K
  class space    used 7275K, committed 7488K, reserved 1048576K
}
Event: 29953.170 GC heap after
{Heap after GC invocations=1957 (full 1897):
 garbage-first heap   total 91136K, used 43345K [0x00000000c0000000, 0x0000000100000000)
  region size 1024K, 0 young (0K), 0 survivors (0K)
 Metaspace       used 58507K, committed 58944K, reserved 1114112K
  class space    used 7275K, committed 7488K, reserved 1048576K
}
Event: 29963.278 GC heap before
{Heap before GC invocations=1957 (full 1897):
 garbage-first heap   total 91136K, used 43345K [0x00000000c0000000, 0x0000000100000000)
  region size 1024K, 1 young (1024K), 0 survivors (0K)
 Metaspace       used 58507K, committed 58944K, reserved 1114112K
  class space    used 7275K, committed 7488K, reserved 1048576K
}
Event: 29963.311 GC heap after
{Heap after GC invocations=1958 (full 1898):
 garbage-first heap   total 91136K, used 43345K [0x00000000c0000000, 0x0000000100000000)
  region size 1024K, 0 young (0K), 0 survivors (0K)
 Metaspace       used 58507K, committed 58944K, reserved 1114112K
  class space    used 7275K, committed 7488K, reserved 1048576K
}
Event: 29973.462 GC heap before
{Heap before GC invocations=1958 (full 1898):
 garbage-first heap   total 91136K, used 43345K [0x00000000c0000000, 0x0000000100000000)
  region size 1024K, 1 young (1024K), 0 survivors (0K)
 Metaspace       used 58507K, committed 58944K, reserved 1114112K
  class space    used 7275K, committed 7488K, reserved 1048576K
}
Event: 29973.497 GC heap after
{Heap after GC invocations=1959 (full 1899):
 garbage-first heap   total 91136K, used 43345K [0x00000000c0000000, 0x0000000100000000)
  region size 1024K, 0 young (0K), 0 survivors (0K)
 Metaspace       used 58507K, committed 58944K, reserved 1114112K
  class space    used 7275K, committed 7488K, reserved 1048576K
}

Dll operation events (9 events):
Event: 0.007 Loaded shared library c:\Users\thaih\.vscode\extensions\redhat.java-1.25.0-win32-x64\jre\17.0.9-win32-x86_64\bin\java.dll
Event: 0.408 Loaded shared library C:\Users\thaih\.vscode\extensions\redhat.java-1.25.0-win32-x64\jre\17.0.9-win32-x86_64\bin\net.dll
Event: 0.410 Loaded shared library C:\Users\thaih\.vscode\extensions\redhat.java-1.25.0-win32-x64\jre\17.0.9-win32-x86_64\bin\nio.dll
Event: 1.027 Loaded shared library C:\Users\thaih\.vscode\extensions\redhat.java-1.25.0-win32-x64\jre\17.0.9-win32-x86_64\bin\zip.dll
Event: 12.875 Loaded shared library C:\Users\thaih\.vscode\extensions\redhat.java-1.25.0-win32-x64\jre\17.0.9-win32-x86_64\bin\jimage.dll
Event: 23.553 Loaded shared library c:\Users\thaih\.vscode\extensions\redhat.java-1.25.0-win32-x64\jre\17.0.9-win32-x86_64\bin\verify.dll
Event: 28.331 Loaded shared library C:\Users\thaih\.vscode\extensions\redhat.java-1.25.0-win32-x64\jre\17.0.9-win32-x86_64\bin\management.dll
Event: 28.377 Loaded shared library C:\Users\thaih\.vscode\extensions\redhat.java-1.25.0-win32-x64\jre\17.0.9-win32-x86_64\bin\management_ext.dll
Event: 31.083 Loaded shared library C:\Users\thaih\.vscode\extensions\redhat.java-1.25.0-win32-x64\jre\17.0.9-win32-x86_64\bin\sunmscapi.dll

Deoptimization events (20 events):
Event: 6480.751 Thread 0x000001922a46fcf0 DEOPT PACKING pc=0x000001921d1d1b8c sp=0x0000002bd4ffe1d0
Event: 6480.751 Thread 0x000001922a46fcf0 DEOPT UNPACKING pc=0x000001921c88ace3 sp=0x0000002bd4ffd738 mode 0
Event: 6480.751 Thread 0x000001922a46fcf0 DEOPT PACKING pc=0x000001921d1dc14c sp=0x0000002bd4ffe300
Event: 6480.751 Thread 0x000001922a46fcf0 DEOPT UNPACKING pc=0x000001921c88ace3 sp=0x0000002bd4ffd7f8 mode 0
Event: 6480.811 Thread 0x000001922a46fcf0 DEOPT PACKING pc=0x000001921d1d1b8c sp=0x0000002bd4ffe670
Event: 6480.811 Thread 0x000001922a46fcf0 DEOPT UNPACKING pc=0x000001921c88ace3 sp=0x0000002bd4ffdbd8 mode 0
Event: 6480.811 Thread 0x000001922a46fcf0 DEOPT PACKING pc=0x000001921d1dc14c sp=0x0000002bd4ffe7a0
Event: 6480.811 Thread 0x000001922a46fcf0 DEOPT UNPACKING pc=0x000001921c88ace3 sp=0x0000002bd4ffdc98 mode 0
Event: 6517.292 Thread 0x000001922a70a0a0 DEOPT PACKING pc=0x000001921d402e04 sp=0x0000002bd49fd650
Event: 6517.292 Thread 0x000001922a70a0a0 DEOPT UNPACKING pc=0x000001921c88ace3 sp=0x0000002bd49fcac8 mode 0
Event: 6517.295 Thread 0x000001922a70a0a0 DEOPT PACKING pc=0x000001921d736517 sp=0x0000002bd49fcd60
Event: 6517.295 Thread 0x000001922a70a0a0 DEOPT UNPACKING pc=0x000001921c88ace3 sp=0x0000002bd49fc330 mode 3
Event: 6517.381 Thread 0x000001922a70a0a0 DEOPT PACKING pc=0x000001921d4c1cd8 sp=0x0000002bd49fd860
Event: 6517.381 Thread 0x000001922a70a0a0 DEOPT UNPACKING pc=0x000001921c88ace3 sp=0x0000002bd49fce08 mode 3
Event: 6730.854 Thread 0x000001922a70b4e0 DEOPT PACKING pc=0x000001921d70615e sp=0x0000002bd49fd120
Event: 6730.854 Thread 0x000001922a70b4e0 DEOPT UNPACKING pc=0x000001921c88ace3 sp=0x0000002bd49fc630 mode 3
Event: 6730.875 Thread 0x000001922a70b4e0 DEOPT PACKING pc=0x000001921d59c009 sp=0x0000002bd49fcf00
Event: 6730.875 Thread 0x000001922a70b4e0 DEOPT UNPACKING pc=0x000001921c88ace3 sp=0x0000002bd49fc480 mode 3
Event: 6802.345 Thread 0x000001922a705ed0 DEOPT PACKING pc=0x000001921d4f8851 sp=0x0000002bd49fde20
Event: 6802.345 Thread 0x000001922a705ed0 DEOPT UNPACKING pc=0x000001921c88ace3 sp=0x0000002bd49fd380 mode 3

Classes unloaded (20 events):
Event: 5190.655 Thread 0x00000192249cd510 Unloading class 0x000000010072bc00 'java/lang/invoke/LambdaForm$MH+0x000000010072bc00'
Event: 5190.655 Thread 0x00000192249cd510 Unloading class 0x000000010072b000 'java/lang/invoke/LambdaForm$MH+0x000000010072b000'
Event: 5190.655 Thread 0x00000192249cd510 Unloading class 0x000000010072ac00 'java/lang/invoke/LambdaForm$MH+0x000000010072ac00'
Event: 5190.655 Thread 0x00000192249cd510 Unloading class 0x000000010072a800 'java/lang/invoke/LambdaForm$MH+0x000000010072a800'
Event: 5190.655 Thread 0x00000192249cd510 Unloading class 0x000000010072a400 'java/lang/invoke/LambdaForm$MH+0x000000010072a400'
Event: 5190.655 Thread 0x00000192249cd510 Unloading class 0x000000010072a000 'java/lang/invoke/LambdaForm$MH+0x000000010072a000'
Event: 5190.655 Thread 0x00000192249cd510 Unloading class 0x0000000100729c00 'java/lang/invoke/LambdaForm$MH+0x0000000100729c00'
Event: 5969.316 Thread 0x00000192249cd510 Unloading class 0x0000000100738800 'java/lang/invoke/LambdaForm$MH+0x0000000100738800'
Event: 5969.316 Thread 0x00000192249cd510 Unloading class 0x0000000100738400 'java/lang/invoke/LambdaForm$MH+0x0000000100738400'
Event: 5969.316 Thread 0x00000192249cd510 Unloading class 0x000000010072ac00 'java/lang/invoke/LambdaForm$MH+0x000000010072ac00'
Event: 5969.316 Thread 0x00000192249cd510 Unloading class 0x000000010072a800 'java/lang/invoke/LambdaForm$MH+0x000000010072a800'
Event: 5969.316 Thread 0x00000192249cd510 Unloading class 0x0000000100736400 'java/lang/invoke/LambdaForm$MH+0x0000000100736400'
Event: 5969.316 Thread 0x00000192249cd510 Unloading class 0x0000000100736000 'java/lang/invoke/LambdaForm$MH+0x0000000100736000'
Event: 5969.316 Thread 0x00000192249cd510 Unloading class 0x0000000100728000 'java/lang/invoke/LambdaForm$MH+0x0000000100728000'
Event: 5969.316 Thread 0x00000192249cd510 Unloading class 0x0000000100728800 'java/lang/invoke/LambdaForm$MH+0x0000000100728800'
Event: 5969.316 Thread 0x00000192249cd510 Unloading class 0x0000000100729c00 'java/lang/invoke/LambdaForm$MH+0x0000000100729c00'
Event: 5969.316 Thread 0x00000192249cd510 Unloading class 0x000000010072b000 'java/lang/invoke/LambdaForm$MH+0x000000010072b000'
Event: 6532.153 Thread 0x00000192249cd510 Unloading class 0x0000000100729c00 'java/lang/invoke/LambdaForm$MH+0x0000000100729c00'
Event: 6532.153 Thread 0x00000192249cd510 Unloading class 0x0000000100728800 'java/lang/invoke/LambdaForm$MH+0x0000000100728800'
Event: 6532.153 Thread 0x00000192249cd510 Unloading class 0x0000000100728000 'java/lang/invoke/LambdaForm$MH+0x0000000100728000'

Classes redefined (0 events):
No events

Internal exceptions (20 events):
Event: 33.559 Thread 0x000001922a46fcf0 Exception <a 'sun/nio/fs/WindowsException'{0x00000000c7592bc0}> (0x00000000c7592bc0) 
thrown [s\src\hotspot\share\prims\jni.cpp, line 516]
Event: 98.919 Thread 0x0000019229741d10 Exception <a 'java/lang/NoSuchMethodError'{0x00000000c683a208}: 'void java.lang.invoke.DirectMethodHandle$Holder.invokeStatic(java.lang.Object, long)'> (0x00000000c683a208) 
thrown [s\src\hotspot\share\interpreter\linkResolver.cpp, line 759]
Event: 98.920 Thread 0x0000019229741d10 Exception <a 'java/lang/NoSuchMethodError'{0x00000000c683f5b0}: 'java.lang.Object java.lang.invoke.DirectMethodHandle$Holder.newInvokeSpecial(java.lang.Object, long)'> (0x00000000c683f5b0) 
thrown [s\src\hotspot\share\interpreter\linkResolver.cpp, line 759]
Event: 334.591 Thread 0x000001922a7063e0 Exception <a 'java/io/IOException'{0x00000000c53bb8d0}> (0x00000000c53bb8d0) 
thrown [s\src\hotspot\share\prims\jni.cpp, line 516]
Event: 334.591 Thread 0x000001922a707820 Exception <a 'java/io/IOException'{0x00000000c53b44d8}> (0x00000000c53b44d8) 
thrown [s\src\hotspot\share\prims\jni.cpp, line 516]
Event: 335.571 Thread 0x000001922a707310 Exception <a 'java/io/IOException'{0x00000000c53c44f0}> (0x00000000c53c44f0) 
thrown [s\src\hotspot\share\prims\jni.cpp, line 516]
Event: 592.721 Thread 0x000001922a704070 Exception <a 'java/lang/NoSuchMethodError'{0x00000000c4fee1c0}: 'int java.lang.invoke.DirectMethodHandle$Holder.invokeSpecialIFC(java.lang.Object, java.lang.Object, java.lang.Object)'> (0x00000000c4fee1c0) 
thrown [s\src\hotspot\share\interpreter\linkResolver.cpp, line 759]
Event: 593.107 Thread 0x000001922a704070 Implicit null exception at 0x000001921cf0bec4 to 0x000001921cf0c0e9
Event: 5117.983 Thread 0x000001922a709b90 Implicit null exception at 0x000001921cf8ac90 to 0x000001921cf8b24a
Event: 5118.000 Thread 0x000001922a709b90 Implicit null exception at 0x000001921cf78062 to 0x000001921cf78bb1
Event: 5124.818 Thread 0x000001922a707310 Implicit null exception at 0x000001921cf61525 to 0x000001921cf61d90
Event: 5720.185 Thread 0x000001922a704a90 Implicit null exception at 0x000001921d4d81da to 0x000001921d4d841b
Event: 6517.295 Thread 0x000001922a70a0a0 Implicit null exception at 0x000001921d734943 to 0x000001921d736512
Event: 6517.380 Thread 0x000001922a70a0a0 Implicit null exception at 0x000001921d4c0af9 to 0x000001921d4c1cd3
Event: 6730.853 Thread 0x000001922a70b4e0 Implicit null exception at 0x000001921d705a96 to 0x000001921d706159
Event: 6730.875 Thread 0x000001922a70b4e0 Implicit null exception at 0x000001921d59b806 to 0x000001921d59c004
Event: 6802.345 Thread 0x000001922a705ed0 Implicit null exception at 0x000001921d4f7d18 to 0x000001921d4f884c
Event: 15594.537 Thread 0x000001922a70aac0 Exception <a 'java/lang/NoSuchMethodError'{0x00000000c505b178}: 'java.lang.Object java.lang.invoke.DirectMethodHandle$Holder.newInvokeSpecial(java.lang.Object, java.lang.Object, java.lang.Object, int)'> (0x00000000c505b178) 
thrown [s\src\hotspot\share\interpreter\linkResolver.cpp, line 759]
Event: 15594.547 Thread 0x000001922a70aac0 Exception <a 'java/lang/NoSuchMethodError'{0x00000000c505f460}: 'java.lang.Object java.lang.invoke.DirectMethodHandle$Holder.invokeSpecial(java.lang.Object, java.lang.Object, java.lang.Object, java.lang.Object, int)'> (0x00000000c505f460) 
thrown [s\src\hotspot\share\interpreter\linkResolver.cpp, line 759]
Event: 15594.550 Thread 0x000001922a70aac0 Exception <a 'java/lang/NoSuchMethodError'{0x00000000c5063028}: 'java.lang.Object java.lang.invoke.Invokers$Holder.linkToTargetMethod(java.lang.Object, java.lang.Object, int, java.lang.Object)'> (0x00000000c5063028) 
thrown [s\src\hotspot\share\interpreter\linkResolver.cpp, line 759]

VM Operations (20 events):
Event: 29881.727 Executing VM operation: G1CollectFull done
Event: 29891.838 Executing VM operation: G1CollectFull
Event: 29891.873 Executing VM operation: G1CollectFull done
Event: 29901.979 Executing VM operation: G1CollectFull
Event: 29902.012 Executing VM operation: G1CollectFull done
Event: 29912.118 Executing VM operation: G1CollectFull
Event: 29912.150 Executing VM operation: G1CollectFull done
Event: 29922.270 Executing VM operation: G1CollectFull
Event: 29922.303 Executing VM operation: G1CollectFull done
Event: 29932.695 Executing VM operation: G1CollectFull
Event: 29932.750 Executing VM operation: G1CollectFull done
Event: 29942.963 Executing VM operation: G1CollectFull
Event: 29943.009 Executing VM operation: G1CollectFull done
Event: 29953.134 Executing VM operation: G1CollectFull
Event: 29953.170 Executing VM operation: G1CollectFull done
Event: 29963.278 Executing VM operation: G1CollectFull
Event: 29963.311 Executing VM operation: G1CollectFull done
Event: 29973.462 Executing VM operation: G1CollectFull
Event: 29973.497 Executing VM operation: G1CollectFull done
Event: 29983.544 Executing VM operation: G1CollectFull

Events (20 events):
Event: 8299.014 Thread 0x000001922b7d21a0 Thread added: 0x000001922b7d21a0
Event: 8301.326 Thread 0x000001922b7d21a0 Thread exited: 0x000001922b7d21a0
Event: 8359.117 Thread 0x000001922a7063e0 Thread exited: 0x000001922a7063e0
Event: 8380.290 Thread 0x000001922a705ed0 Thread exited: 0x000001922a705ed0
Event: 8393.778 Thread 0x000001922a70a5b0 Thread exited: 0x000001922a70a5b0
Event: 8393.950 Thread 0x000001922a709170 Thread exited: 0x000001922a709170
Event: 15588.623 Thread 0x000001922a705ed0 Thread added: 0x000001922a705ed0
Event: 15588.640 Thread 0x000001922a70aac0 Thread added: 0x000001922a70aac0
Event: 15594.152 Thread 0x000001922a70a5b0 Thread added: 0x000001922a70a5b0
Event: 15594.600 Thread 0x000001922a709170 Thread added: 0x000001922a709170
Event: 15654.632 Thread 0x000001922a709170 Thread exited: 0x000001922a709170
Event: 15654.633 Thread 0x000001922a705ed0 Thread exited: 0x000001922a705ed0
Event: 15669.859 Thread 0x000001922a70aac0 Thread exited: 0x000001922a70aac0
Event: 15692.488 Thread 0x000001922a70a5b0 Thread exited: 0x000001922a70a5b0
Event: 15706.033 Thread 0x000001922a704a90 Thread added: 0x000001922a704a90
Event: 15706.044 Thread 0x000001922a70b4e0 Thread added: 0x000001922a70b4e0
Event: 15706.253 Thread 0x000001922b7ce710 Thread added: 0x000001922b7ce710
Event: 15711.306 Thread 0x000001922b7ce710 Thread exited: 0x000001922b7ce710
Event: 15766.300 Thread 0x000001922a70b4e0 Thread exited: 0x000001922a70b4e0
Event: 15766.300 Thread 0x000001922a704a90 Thread exited: 0x000001922a704a90


Dynamic libraries:
0x00007ff6bca60000 - 0x00007ff6bca6e000 	c:\Users\thaih\.vscode\extensions\redhat.java-1.25.0-win32-x64\jre\17.0.9-win32-x86_64\bin\java.exe
0x00007ffd4c950000 - 0x00007ffd4cb48000 	C:\Windows\SYSTEM32\ntdll.dll
0x00007ffd4bec0000 - 0x00007ffd4bf7d000 	C:\Windows\System32\KERNEL32.DLL
0x00007ffd4a4b0000 - 0x00007ffd4a7a6000 	C:\Windows\System32\KERNELBASE.dll
0x00007ffd4a230000 - 0x00007ffd4a330000 	C:\Windows\System32\ucrtbase.dll
0x00007ffd3f0f0000 - 0x00007ffd3f107000 	c:\Users\thaih\.vscode\extensions\redhat.java-1.25.0-win32-x64\jre\17.0.9-win32-x86_64\bin\jli.dll
0x00007ffd4bc40000 - 0x00007ffd4bdde000 	C:\Windows\System32\USER32.dll
0x00007ffd4a330000 - 0x00007ffd4a352000 	C:\Windows\System32\win32u.dll
0x00007ffd4b1c0000 - 0x00007ffd4b1ec000 	C:\Windows\System32\GDI32.dll
0x00007ffd4a890000 - 0x00007ffd4a9aa000 	C:\Windows\System32\gdi32full.dll
0x00007ffd4a190000 - 0x00007ffd4a22d000 	C:\Windows\System32\msvcp_win.dll
0x00007ffd3f0d0000 - 0x00007ffd3f0eb000 	c:\Users\thaih\.vscode\extensions\redhat.java-1.25.0-win32-x64\jre\17.0.9-win32-x86_64\bin\VCRUNTIME140.dll
0x00007ffd49410000 - 0x00007ffd496aa000 	C:\Windows\WinSxS\amd64_microsoft.windows.common-controls_6595b64144ccf1df_6.0.19041.3636_none_60b6a03d71f818d5\COMCTL32.dll
0x00007ffd4b110000 - 0x00007ffd4b1ae000 	C:\Windows\System32\msvcrt.dll
0x00007ffd4a9b0000 - 0x00007ffd4a9e0000 	C:\Windows\System32\IMM32.DLL
0x00007ffd3f860000 - 0x00007ffd3f86c000 	c:\Users\thaih\.vscode\extensions\redhat.java-1.25.0-win32-x64\jre\17.0.9-win32-x86_64\bin\vcruntime140_1.dll
0x00007ffd3e180000 - 0x00007ffd3e20d000 	c:\Users\thaih\.vscode\extensions\redhat.java-1.25.0-win32-x64\jre\17.0.9-win32-x86_64\bin\msvcp140.dll
0x00007ffcc0fe0000 - 0x00007ffcc1c41000 	c:\Users\thaih\.vscode\extensions\redhat.java-1.25.0-win32-x64\jre\17.0.9-win32-x86_64\bin\server\jvm.dll
0x00007ffd4c110000 - 0x00007ffd4c1bf000 	C:\Windows\System32\ADVAPI32.dll
0x00007ffd4b600000 - 0x00007ffd4b69c000 	C:\Windows\System32\sechost.dll
0x00007ffd4bb10000 - 0x00007ffd4bc36000 	C:\Windows\System32\RPCRT4.dll
0x00007ffd49c30000 - 0x00007ffd49c7b000 	C:\Windows\SYSTEM32\POWRPROF.dll
0x00007ffd21710000 - 0x00007ffd21719000 	C:\Windows\SYSTEM32\WSOCK32.dll
0x00007ffd4b200000 - 0x00007ffd4b26b000 	C:\Windows\System32\WS2_32.dll
0x00007ffd30fb0000 - 0x00007ffd30fd7000 	C:\Windows\SYSTEM32\WINMM.dll
0x00007ffd46d90000 - 0x00007ffd46d9a000 	C:\Windows\SYSTEM32\VERSION.dll
0x00007ffd497a0000 - 0x00007ffd497b2000 	C:\Windows\SYSTEM32\UMPDC.dll
0x00007ffd470d0000 - 0x00007ffd470e2000 	C:\Windows\SYSTEM32\kernel.appcore.dll
0x00007ffd3f7a0000 - 0x00007ffd3f7aa000 	c:\Users\thaih\.vscode\extensions\redhat.java-1.25.0-win32-x64\jre\17.0.9-win32-x86_64\bin\jimage.dll
0x00007ffd499c0000 - 0x00007ffd49ba4000 	C:\Windows\SYSTEM32\DBGHELP.DLL
0x00007ffd49980000 - 0x00007ffd499b4000 	C:\Windows\SYSTEM32\dbgcore.DLL
0x00007ffd4a360000 - 0x00007ffd4a3e2000 	C:\Windows\System32\bcryptPrimitives.dll
0x00007ffd3dac0000 - 0x00007ffd3dae5000 	c:\Users\thaih\.vscode\extensions\redhat.java-1.25.0-win32-x64\jre\17.0.9-win32-x86_64\bin\java.dll
0x00007ffd3daa0000 - 0x00007ffd3dab8000 	c:\Users\thaih\.vscode\extensions\redhat.java-1.25.0-win32-x64\jre\17.0.9-win32-x86_64\bin\zip.dll
0x00007ffd4c1c0000 - 0x00007ffd4c904000 	C:\Windows\System32\SHELL32.dll
0x00007ffd472f0000 - 0x00007ffd47a8b000 	C:\Windows\SYSTEM32\windows.storage.dll
0x00007ffd4a9e0000 - 0x00007ffd4ad34000 	C:\Windows\System32\combase.dll
0x00007ffd49230000 - 0x00007ffd4925d000 	C:\Windows\SYSTEM32\Wldp.dll
0x00007ffd4b060000 - 0x00007ffd4b10d000 	C:\Windows\System32\SHCORE.dll
0x00007ffd4b440000 - 0x00007ffd4b495000 	C:\Windows\System32\shlwapi.dll
0x00007ffd49f60000 - 0x00007ffd49f85000 	C:\Windows\SYSTEM32\profapi.dll
0x00007ffd3da40000 - 0x00007ffd3da59000 	C:\Users\thaih\.vscode\extensions\redhat.java-1.25.0-win32-x64\jre\17.0.9-win32-x86_64\bin\net.dll
0x00007ffd43e10000 - 0x00007ffd43f1a000 	C:\Windows\SYSTEM32\WINHTTP.dll
0x00007ffd490a0000 - 0x00007ffd4910a000 	C:\Windows\system32\mswsock.dll
0x00007ffd3da20000 - 0x00007ffd3da36000 	C:\Users\thaih\.vscode\extensions\redhat.java-1.25.0-win32-x64\jre\17.0.9-win32-x86_64\bin\nio.dll
0x00007ffd49da0000 - 0x00007ffd49db8000 	C:\Windows\SYSTEM32\CRYPTSP.dll
0x00007ffd48a60000 - 0x00007ffd48a94000 	C:\Windows\system32\rsaenh.dll
0x00007ffd4a860000 - 0x00007ffd4a887000 	C:\Windows\System32\bcrypt.dll
0x00007ffd49ee0000 - 0x00007ffd49f0e000 	C:\Windows\SYSTEM32\USERENV.dll
0x00007ffd49330000 - 0x00007ffd4933c000 	C:\Windows\SYSTEM32\CRYPTBASE.dll
0x00007ffd48dc0000 - 0x00007ffd48dfb000 	C:\Windows\SYSTEM32\IPHLPAPI.DLL
0x00007ffd4b1f0000 - 0x00007ffd4b1f8000 	C:\Windows\System32\NSI.dll
0x00007ffd3f000000 - 0x00007ffd3f017000 	C:\Windows\SYSTEM32\dhcpcsvc6.DLL
0x00007ffd3efe0000 - 0x00007ffd3effd000 	C:\Windows\SYSTEM32\dhcpcsvc.DLL
0x00007ffd48e00000 - 0x00007ffd48eca000 	C:\Windows\SYSTEM32\DNSAPI.dll
0x00007ffd3e130000 - 0x00007ffd3e140000 	c:\Users\thaih\.vscode\extensions\redhat.java-1.25.0-win32-x64\jre\17.0.9-win32-x86_64\bin\verify.dll
0x00007ffd3d810000 - 0x00007ffd3d819000 	C:\Users\thaih\.vscode\extensions\redhat.java-1.25.0-win32-x64\jre\17.0.9-win32-x86_64\bin\management.dll
0x00007ffd3d800000 - 0x00007ffd3d80b000 	C:\Users\thaih\.vscode\extensions\redhat.java-1.25.0-win32-x64\jre\17.0.9-win32-x86_64\bin\management_ext.dll
0x00007ffd4b500000 - 0x00007ffd4b508000 	C:\Windows\System32\PSAPI.DLL
0x00007ffd37050000 - 0x00007ffd3705e000 	C:\Users\thaih\.vscode\extensions\redhat.java-1.25.0-win32-x64\jre\17.0.9-win32-x86_64\bin\sunmscapi.dll
0x00007ffd4a030000 - 0x00007ffd4a18d000 	C:\Windows\System32\CRYPT32.dll
0x00007ffd493e0000 - 0x00007ffd49407000 	C:\Windows\SYSTEM32\ncrypt.dll
0x00007ffd492f0000 - 0x00007ffd4932b000 	C:\Windows\SYSTEM32\NTASN1.dll
0x0000000076d90000 - 0x0000000076db6000 	C:\Program Files\Bonjour\mdnsNSP.dll
0x00007ffd3c980000 - 0x00007ffd3c98a000 	C:\Windows\System32\rasadhlp.dll
0x00007ffd3c6e0000 - 0x00007ffd3c760000 	C:\Windows\System32\fwpuclnt.dll

dbghelp: loaded successfully - version: 4.0.5 - missing functions: none
symbol engine: initialized successfully - sym options: 0x614 - pdb path: .;c:\Users\thaih\.vscode\extensions\redhat.java-1.25.0-win32-x64\jre\17.0.9-win32-x86_64\bin;C:\Windows\SYSTEM32;C:\Windows\WinSxS\amd64_microsoft.windows.common-controls_6595b64144ccf1df_6.0.19041.3636_none_60b6a03d71f818d5;c:\Users\thaih\.vscode\extensions\redhat.java-1.25.0-win32-x64\jre\17.0.9-win32-x86_64\bin\server;C:\Program Files\Bonjour

VM Arguments:
jvm_args: -XX:+HeapDumpOnOutOfMemoryError -Xmx1024m -Dsts.lsp.client=vscode -Dsts.log.file=/dev/null -XX:TieredStopAtLevel=1 -Xlog:jni+resolve=off -Dspring.config.location=file:c:\Users\thaih\.vscode\extensions\vmware.vscode-spring-boot-1.50.0\language-server\BOOT-INF\classes\application.properties 
java_command: org.springframework.ide.vscode.boot.app.BootLanguageServerBootApp
java_class_path (initial): c:\Users\thaih\.vscode\extensions\vmware.vscode-spring-boot-1.50.0\language-server\BOOT-INF\classes;c:\Users\thaih\.vscode\extensions\vmware.vscode-spring-boot-1.50.0\language-server\BOOT-INF\lib\annotations-24.0.1.jar;c:\Users\thaih\.vscode\extensions\vmware.vscode-spring-boot-1.50.0\language-server\BOOT-INF\lib\antlr-runtime-3.5.3.jar;c:\Users\thaih\.vscode\extensions\vmware.vscode-spring-boot-1.50.0\language-server\BOOT-INF\lib\antlr4-4.11.1.jar;c:\Users\thaih\.vscode\extensions\vmware.vscode-spring-boot-1.50.0\language-server\BOOT-INF\lib\antlr4-runtime-4.11.1.jar;c:\Users\thaih\.vscode\extensions\vmware.vscode-spring-boot-1.50.0\language-server\BOOT-INF\lib\archunit-1.1.0.jar;c:\Users\thaih\.vscode\extensions\vmware.vscode-spring-boot-1.50.0\language-server\BOOT-INF\lib\asm-9.5.jar;c:\Users\thaih\.vscode\extensions\vmware.vscode-spring-boot-1.50.0\language-server\BOOT-INF\lib\asm-analysis-9.5.jar;c:\Users\thaih\.vscode\extensions\vmware.vscode-spring-boot-1.50.0\language-server\BOOT-INF\lib\asm-tree-9.5.jar;c:\Users\thaih\.vscode\extensions\vmware.vscode-spring-boot-1.50.0\language-server\BOOT-INF\lib\asm-util-9.5.jar;c:\Users\thaih\.vscode\extensions\vmware.vscode-spring-boot-1.50.0\language-server\BOOT-INF\lib\bosh-language-server-1.50.0-SNAPSHOT.jar;c:\Users\thaih\.vscode\extensions\vmware.vscode-spring-boot-1.50.0\language-server\BOOT-INF\lib\caffeine-3.1.8.jar;c:\Users\thaih\.vscode\extensions\vmware.vscode-spring-boot-1.50.0\language-server\BOOT-INF\lib\checker-qual-3.12.0.jar;c:\Users\thaih\.vscode\extensions\vmware.vscode-spring-boot-1.50.0\language-server\BOOT-INF\lib\classgraph-4.8.149.jar;c:\Users\thaih\.vscode\extensions\vmware.vscode-spring-boot-1.50.0\language-server\BOOT-INF\lib\commons-codec-1.15.jar;c:\Users\thaih\.vscode\extensions\vmware.vscode-spring-boot-1.50.0\language-server\BOOT-INF\lib\commons-compress-1.24.0.jar;c:\Users\thaih\.vscode\extensions\vmware.vscode-spring-boot-1.50.0\language-server\BOOT-INF\lib\
Launcher Type: SUN_STANDARD

[Global flags]
     intx CICompilerCount                          = 4                                         {product} {ergonomic}
     uint ConcGCThreads                            = 2                                         {product} {ergonomic}
     uint G1ConcRefinementThreads                  = 8                                         {product} {ergonomic}
   size_t G1HeapRegionSize                         = 1048576                                   {product} {ergonomic}
    uintx GCDrainStackTargetSize                   = 64                                        {product} {ergonomic}
     bool HeapDumpOnOutOfMemoryError               = true                                   {manageable} {command line}
   size_t InitialHeapSize                          = 132120576                                 {product} {ergonomic}
   size_t MarkStackSize                            = 4194304                                   {product} {ergonomic}
   size_t MaxHeapSize                              = 1073741824                                {product} {command line}
   size_t MaxNewSize                               = 643825664                                 {product} {ergonomic}
   size_t MinHeapDeltaBytes                        = 1048576                                   {product} {ergonomic}
   size_t MinHeapSize                              = 8388608                                   {product} {ergonomic}
    uintx NonProfiledCodeHeapSize                  = 0                                      {pd product} {ergonomic}
     bool ProfileInterpreter                       = false                                  {pd product} {command line}
    uintx ProfiledCodeHeapSize                     = 0                                      {pd product} {ergonomic}
   size_t SoftMaxHeapSize                          = 1073741824                             {manageable} {ergonomic}
     intx TieredStopAtLevel                        = 1                                         {product} {command line}
     bool UseCompressedClassPointers               = true                           {product lp64_product} {ergonomic}
     bool UseCompressedOops                        = true                           {product lp64_product} {ergonomic}
     bool UseG1GC                                  = true                                      {product} {ergonomic}
     bool UseLargePagesIndividualAllocation        = false                                  {pd product} {ergonomic}

Logging:
Log output configuration:
 #0: stdout all=warning,jni+resolve=off uptime,level,tags
 #1: stderr all=off uptime,level,tags

Environment Variables:
JAVA_HOME=C:\Program Files\Java\Java-17\jdk-17.0.6
PATH=C:\Program Files\Common Files\Oracle\Java\javapath;C:\Windows\system32;C:\Windows;C:\Windows\System32\Wbem;C:\Windows\System32\WindowsPowerShell\v1.0\;C:\Windows\System32\OpenSSH\;C:\Program Files (x86)\NVIDIA Corporation\PhysX\Common;C:\Program Files\NVIDIA Corporation\NVIDIA NvDLISR;C:\Program Files\Microsoft SQL Server\Client SDK\ODBC\170\Tools\Binn\;C:\Program Files (x86)\Microsoft SQL Server\150\Tools\Binn\;C:\Program Files\Microsoft SQL Server\150\Tools\Binn\;C:\Program Files\Microsoft SQL Server\150\DTS\Binn\;C:\Program Files (x86)\Microsoft SQL Server\150\DTS\Binn\;C:\Program Files\Azure Data Studio\bin;C:\Users\thaih\AppData\Local\Programs\Microsoft VS Code;C:\Program Files\Git\cmd;C:\Program Files\Docker\Docker\resources\bin;C:\ProgramData\DockerDesktop\version-bin;C:\apache-maven-3.8.6\bin;C:\Program Files\Java\Java-17\jdk-17.0.6\bin;C:\Users\thaih\AppData\Local\Programs\Python\Python311;C:\Users\thaih\AppData\Local\Programs\Python\Python311\Scripts\;C:\Program Files\nodejs\;C:\Program Files\TortoiseGit\bin;C:\ProgramData\ComposerSetup\bin;C:\Users\thaih\AppData\Local\Programs\Python\Python311\Scripts\;C:\Users\thaih\AppData\Local\Programs\Python\Python311\;C:\Users\thaih\AppData\Local\Microsoft\WindowsApps;C:\Program Files\Azure Data Studio\bin;C:\src\flutter\bin;C:\Users\thaih\AppData\Local\Programs\Microsoft VS Code;C:\src\flutter\bin\cache;C:\Users\thaih\AppData\Roaming\npm;C:\Program Files\nodejs\;C:\platform-tools;C:\xampp\php;C:\Users\thaih\AppData\Local\ComposerSetup\bin;C:\Users\thaih\AppData\Roaming\Composer\vendor\bin;C:\Users\thaih\AppData\Local\Programs\Microsoft VS Code\bin
USERNAME=thaih
OS=Windows_NT
PROCESSOR_IDENTIFIER=Intel64 Family 6 Model 140 Stepping 1, GenuineIntel
TMP=C:\Users\thaih\AppData\Local\Temp
TEMP=C:\Users\thaih\AppData\Local\Temp



Periodic native trim disabled


---------------  S Y S T E M  ---------------

OS:
 Windows 10 , 64 bit Build 19041 (10.0.19041.3636)
OS uptime: 0 days 8:21 hours

CPU: total 8 (initial active 8) (4 cores per cpu, 2 threads per core) family 6 model 140 stepping 1 microcode 0x86, cx8, cmov, fxsr, ht, mmx, 3dnowpref, sse, sse2, sse3, ssse3, sse4.1, sse4.2, popcnt, lzcnt, tsc, tscinvbit, avx, avx2, aes, erms, clmul, bmi1, bmi2, adx, avx512f, avx512dq, avx512cd, avx512bw, avx512vl, sha, fma, vzeroupper, avx512_vpopcntdq, avx512_vpclmulqdq, avx512_vaes, avx512_vnni, clflush, clflushopt, clwb, avx512_vbmi2, avx512_vbmi
Processor Information for all 8 processors :
  Max Mhz: 2419, Current Mhz: 2419, Mhz Limit: 2419

Memory: 4k page, system-wide physical 7975M (540M free)
TotalPageFile size 32551M (AvailPageFile size 7M)
current process WorkingSet (physical memory assigned to process): 78M, peak: 228M
current process commit charge ("private bytes"): 261M, peak: 300M

vm_info: OpenJDK 64-Bit Server VM (17.0.9+9) for windows-amd64 JRE (17.0.9+9), built on Oct 26 2023 14:01:42 by "admin" with MS VC++ 16.10 / 16.11 (VS2019)

END.
